2021-06-24 17:59:48,862 - DEBUG - server - Вызвана функция: init_socket c позиционными аргументами ('', 7777) и имнованными аргументами {} 
2021-06-24 18:00:19,561 - DEBUG - server - Вызвана функция: rx_cl_msg c позиционными аргументами (<socket.socket fd=424, family=AddressFamily.AF_INET, type=SocketKind.SOCK_STREAM, proto=0, laddr=('127.0.0.1', 7777), raddr=('127.0.0.1', 54141)>,) и имнованными аргументами {} 
2021-06-24 18:00:26,647 - DEBUG - server - Вызвана функция: form_cl_msg c позиционными аргументами (b"\x80\x03}q\x00(X\x06\x00\x00\x00actionq\x01X\x03\x00\x00\x00msgq\x02X\x04\x00\x00\x00timeq\x03GA\xd85'\x82\xa9m\x1eX\x02\x00\x00\x00toq\x04X\x05\x00\x00\x00gfdgdq\x05X\x04\x00\x00\x00fromq\x06X\x07\x00\x00\x00Nikolayq\x07X\x08\x00\x00\x00encodingq\x08X\x05\x00\x00\x00asciiq\tX\x07\x00\x00\x00messageq\nX\r\x00\x00\x00fdhfhdsffdfdhq\x0bu.",) и имнованными аргументами {} 
2021-06-24 18:00:26,648 - DEBUG - server - json:b"\x80\x03}q\x00(X\x06\x00\x00\x00actionq\x01X\x03\x00\x00\x00msgq\x02X\x04\x00\x00\x00timeq\x03GA\xd85'\x82\xa9m\x1eX\x02\x00\x00\x00toq\x04X\x05\x00\x00\x00gfdgdq\x05X\x04\x00\x00\x00fromq\x06X\x07\x00\x00\x00Nikolayq\x07X\x08\x00\x00\x00encodingq\x08X\x05\x00\x00\x00asciiq\tX\x07\x00\x00\x00messageq\nX\r\x00\x00\x00fdhfhdsffdfdhq\x0bu." 
2021-06-24 18:00:26,648 - DEBUG - server - pikle:{'action': 'msg', 'time': 1624546826.647285, 'to': 'gfdgd', 'from': 'Nikolay', 'encoding': 'ascii', 'message': 'fdhfhdsffdfdh'} 
2021-06-24 18:00:26,648 - DEBUG - server - Вызвана функция: send_msg c позиционными аргументами (<socket.socket fd=424, family=AddressFamily.AF_INET, type=SocketKind.SOCK_STREAM, proto=0, laddr=('127.0.0.1', 7777), raddr=('127.0.0.1', 54141)>, None) и имнованными аргументами {} 
2021-06-24 18:20:00,572 - DEBUG - server - Вызвана функция: init_socket c позиционными аргументами ('', 7777) и имнованными аргументами {} 
2021-06-24 18:21:00,076 - DEBUG - server - Вызвана функция: init_socket c позиционными аргументами ('', 7777) и имнованными аргументами {} 
2021-06-24 18:21:23,083 - DEBUG - server - Вызвана функция: init_socket c позиционными аргументами ('', 7777) и имнованными аргументами {} 
2021-06-24 18:22:34,886 - DEBUG - server - Вызвана функция: init_socket c позиционными аргументами ('', 7777) и имнованными аргументами {} 
2021-06-24 18:22:40,069 - DEBUG - server - Вызвана функция: rx_cl_msg c позиционными аргументами (<socket.socket fd=456, family=AddressFamily.AF_INET, type=SocketKind.SOCK_STREAM, proto=0, laddr=('127.0.0.1', 7777), raddr=('127.0.0.1', 57733)>,) и имнованными аргументами {} 
2021-06-24 18:37:19,756 - DEBUG - server - Вызвана функция: init_socket c позиционными аргументами ('', 7777) и имнованными аргументами {} 
2021-06-24 18:39:13,513 - DEBUG - server - Вызвана функция: init_socket c позиционными аргументами ('', 7777) и имнованными аргументами {} 
2021-06-24 18:40:18,691 - DEBUG - server - Вызвана функция: init_socket c позиционными аргументами ('', 7777) и имнованными аргументами {} 
2021-06-24 18:42:15,992 - DEBUG - server - Вызвана функция: init_socket c позиционными аргументами ('', 7777) и имнованными аргументами {} 
2021-06-24 18:43:49,781 - DEBUG - server - Вызвана функция: init_socket c позиционными аргументами ('', 7777) и имнованными аргументами {} 
2021-06-24 18:50:31,895 - DEBUG - server - Вызвана функция: init_socket c позиционными аргументами ('', 7777) и имнованными аргументами {} 
2021-06-24 18:52:28,378 - DEBUG - server - Вызвана функция: init_socket c позиционными аргументами ('', 7777) и имнованными аргументами {} 
2021-06-24 18:53:51,631 - DEBUG - server - Вызвана функция: init_socket c позиционными аргументами ('', 7777) и имнованными аргументами {} 
2021-06-24 18:56:56,626 - DEBUG - server - Вызвана функция: init_socket c позиционными аргументами ('', 7777) и имнованными аргументами {} 
2021-06-24 18:59:30,952 - DEBUG - server - Вызвана функция: init_socket c позиционными аргументами ('', 7777) и имнованными аргументами {} 
2021-06-24 19:00:18,739 - DEBUG - server - Вызвана функция: init_socket c позиционными аргументами ('', 7777) и имнованными аргументами {} 
2021-06-24 19:01:38,022 - DEBUG - server - Вызвана функция: init_socket c позиционными аргументами ('', 7777) и имнованными аргументами {} 
2021-06-24 19:01:46,189 - DEBUG - server - Вызвана функция: init_socket c позиционными аргументами ('', 7777) и имнованными аргументами {} 
2021-06-24 19:02:05,614 - DEBUG - server - Вызвана функция: init_socket c позиционными аргументами ('', 7777) и имнованными аргументами {} 
2021-06-24 19:03:35,034 - DEBUG - server - Вызвана функция: init_socket c позиционными аргументами ('', 7777) и имнованными аргументами {} 
2021-06-24 19:03:44,320 - DEBUG - server - Вызвана функция: init_socket c позиционными аргументами ('', 7777) и имнованными аргументами {} 
2021-06-24 19:10:00,894 - DEBUG - server - Вызвана функция: init_socket c позиционными аргументами ('', 7777) и имнованными аргументами {} 
2021-06-24 19:13:23,599 - DEBUG - server - Вызвана функция: init_socket c позиционными аргументами ('', 7777) и имнованными аргументами {} 
2021-06-24 19:17:28,975 - DEBUG - server - Вызвана функция: init_socket c позиционными аргументами ('', 7777) и имнованными аргументами {} 
2021-06-24 19:17:48,033 - DEBUG - server - Вызвана функция: init_socket c позиционными аргументами ('', 7777) и имнованными аргументами {} 
